<?xml version="1.0" encoding="UTF-8"?>
<testsuite name="UserTest" tests="1" skipped="0" failures="0" errors="0" timestamp="2022-11-30T14:01:54" hostname="S99SAM" time="0.024">
  <properties/>
  <testcase name="testUser()" classname="UserTest" time="0.024"/>
  <system-out><![CDATA[]]></system-out>
  <system-err><![CDATA[]]></system-err>
</testsuite>
